(node:97107) [DEP0040] DeprecationWarning: The `punycode` module is deprecated. Please use a userland alternative instead.
(Use `node --trace-deprecation ...` to show where the warning was created)
0 RTT: 7
1 RTT: 11
2 RTT: 22
0 RTT: 101
1 RTT: 13
3 RTT: 194
2 RTT: 11
0 RTT: 57
4 RTT: 86
1 RTT: 208
3 RTT: 73
2 RTT: 110
0 RTT: 3
4 RTT: 13
1 RTT: 92
5 RTT: 34
3 RTT: 96
2 RTT: 417
0 RTT: 232
4 RTT: 66
1 RTT: 2
3 RTT: 88
6 RTT: 59
5 RTT: 220
2 RTT: 110
0 RTT: 90
4 RTT: 2
1 RTT: 57
5 RTT: 27
3 RTT: 2
6 RTT: 159
2 RTT: 81
0 RTT: 82
4 RTT: 44
1 RTT: 64
7 RTT: 201
5 RTT: 8
3 RTT: 55
6 RTT: 58
8 RTT: 21
2 RTT: 2
0 RTT: 185
7 RTT: 96
4 RTT: 47
2 RTT: 597
6 RTT: 857
1 RTT: 1159
4 RTT: 223
1 RTT: 161
8 RTT: 704
5 RTT: 1003
9 RTT: 181
0 RTT: 486
3 RTT: 957
7 RTT: 281
3 RTT: 52
5 RTT: 95
6 RTT: 56
2 RTT: 73
8 RTT: 132
0 RTT: 3
9 RTT: 78
7 RTT: 181
1 RTT: 157
4 RTT: 224
3 RTT: 51
5 RTT: 83
6 RTT: 159
2 RTT: 70
8 RTT: 235
0 RTT: 61
7 RTT: 74
9 RTT: 1
1 RTT: 60
4 RTT: 127
11 RTT: 76
10 RTT: 78
3 RTT: 176
6 RTT: 157
8 RTT: 95
5 RTT: 375
2 RTT: 73
0 RTT: 205
7 RTT: 19
4 RTT: 4
1 RTT: 58
9 RTT: 75
10 RTT: 74
11 RTT: 79
5 RTT: 2
3 RTT: 57
6 RTT: 63
12 RTT: 116
8 RTT: 227
2 RTT: 215
0 RTT: 64
9 RTT: 71
7 RTT: 161
11 RTT: 64
10 RTT: 66
1 RTT: 164
4 RTT: 232
3 RTT: 48
5 RTT: 60
6 RTT: 56
13 RTT: 5
14 RTT: 66
0 RTT: 51
2 RTT: 272
8 RTT: 394
12 RTT: 416
7 RTT: 4
4 RTT: 24
1 RTT: 58
9 RTT: 74
11 RTT: 62
15 RTT: 81
3 RTT: 49
10 RTT: 165
6 RTT: 55
5 RTT: 179
13 RTT: 58
14 RTT: 57
2 RTT: 74
8 RTT: 84
12 RTT: 86
0 RTT: 254
7 RTT: 64
4 RTT: 79
16 RTT: 142
9 RTT: 4
1 RTT: 20
10 RTT: 67
5 RTT: 87
6 RTT: 1
14 RTT: 69
13 RTT: 71
2 RTT: 2
12 RTT: 53
8 RTT: 54
11 RTT: 462
3 RTT: 354
15 RTT: 484
0 RTT: 3
17 RTT: 262
9 RTT: 122
16 RTT: 302
4 RTT: 262
5 RTT: 59
1 RTT: 222
3 RTT: 169
15 RTT: 298
7 RTT: 482
11 RTT: 281
18 RTT: 235
6 RTT: 125
10 RTT: 331
14 RTT: 1
13 RTT: 1
0 RTT: 155
2 RTT: 401
17 RTT: 46
8 RTT: 452
12 RTT: 453
4 RTT: 9
16 RTT: 56
7 RTT: 10
1 RTT: 2
9 RTT: 25
10 RTT: 50
3 RTT: 252
11 RTT: 355
15 RTT: 382
19 RTT: 173
20 RTT: 289
5 RTT: 366
13 RTT: 135
8 RTT: 102
12 RTT: 103
2 RTT: 162
6 RTT: 352
14 RTT: 230
18 RTT: 486
21 RTT: 92
4 RTT: 17
17 RTT: 66
16 RTT: 75
9 RTT: 3
1 RTT: 24
22 RTT: 166
10 RTT: 3
20 RTT: 62
7 RTT: 319
0 RTT: 563
11 RTT: 163
15 RTT: 260
3 RTT: 155
5 RTT: 161
8 RTT: 160
13 RTT: 326
12 RTT: 263
6 RTT: 460
19 RTT: 510
18 RTT: 623
0 RTT: 152
2 RTT: 357
14 RTT: 421
23 RTT: 380
21 RTT: 93
17 RTT: 2
4 RTT: 6
16 RTT: 59
7 RTT: 12
22 RTT: 42
1 RTT: 20
9 RTT: 25
20 RTT: 283
12 RTT: 55
8 RTT: 54
5 RTT: 553
13 RTT: 321
21 RTT: 6
24 RTT: 6
23 RTT: 391
6 RTT: 562
10 RTT: 770
14 RTT: 438
18 RTT: 676
15 RTT: 781
3 RTT: 669
11 RTT: 772
19 RTT: 584
2 RTT: 394
0 RTT: 192
16 RTT: 4
4 RTT: 32
1 RTT: 18
9 RTT: 27
17 RTT: 163
5 RTT: 305
13 RTT: 74
22 RTT: 666
12 RTT: 154
20 RTT: 484
8 RTT: 154
3 RTT: 477
7 RTT: 800
11 RTT: 647
0 RTT: 57
15 RTT: 663
23 RTT: 235
19 RTT: 476
10 RTT: 751
18 RTT: 663
6 RTT: 572
2 RTT: 357
14 RTT: 452
9 RTT: 120
17 RTT: 256
21 RTT: 322
5 RTT: 53
13 RTT: 19
6 RTT: 177
10 RTT: 385
18 RTT: 289
22 RTT: 574
14 RTT: 115
2 RTT: 23
3 RTT: 456
7 RTT: 711
15 RTT: 566
11 RTT: 565
19 RTT: 376
23 RTT: 225
0 RTT: 72
21 RTT: 20
4 RTT: 910
1 RTT: 828
16 RTT: 964
24 RTT: 1040
20 RTT: 757
22 RTT: 36
17 RTT: 62
7 RTT: 20
9 RTT: 19
15 RTT: 61
11 RTT: 59
10 RTT: 60
18 RTT: 52
5 RTT: 51
3 RTT: 48
19 RTT: 67
6 RTT: 52
12 RTT: 836
8 RTT: 836
13 RTT: 18
2 RTT: 25
14 RTT: 121
23 RTT: 41
24 RTT: 821
16 RTT: 767
1 RTT: 715
4 RTT: 789
0 RTT: 80
21 RTT: 32
8 RTT: 342
12 RTT: 344
20 RTT: 674
24 RTT: 37
16 RTT: 1
17 RTT: 56
22 RTT: 31
1 RTT: 19
7 RTT: 103
4 RTT: 96
9 RTT: 29
10 RTT: 55
11 RTT: 55
15 RTT: 59
20 RTT: 53
18 RTT: 56
5 RTT: 53
3 RTT: 51
6 RTT: 42
19 RTT: 65
13 RTT: 20
14 RTT: 20
2 RTT: 24
8 RTT: 25
12 RTT: 27
23 RTT: 30
0 RTT: 53
21 RTT: 16
24 RTT: 17
17 RTT: 60
22 RTT: 34
16 RTT: 60
7 RTT: 3
9 RTT: 29
1 RTT: 31
4 RTT: 108
10 RTT: 52
11 RTT: 55
15 RTT: 63
19 RTT: 86
3 RTT: 246
6 RTT: 261
18 RTT: 375
23 RTT: 152
0 RTT: 28
2 RTT: 227
14 RTT: 323
13 RTT: 416
5 RTT: 650
22 RTT: 28
7 RTT: 1
20 RTT: 876
17 RTT: 183
21 RTT: 241
10 RTT: 61
8 RTT: 641
12 RTT: 643
9 RTT: 151
24 RTT: 348
18 RTT: 2
11 RTT: 152
15 RTT: 158
5 RTT: 61
3 RTT: 55
4 RTT: 287
1 RTT: 229
16 RTT: 373
20 RTT: 69
6 RTT: 46
19 RTT: 69
13 RTT: 23
14 RTT: 24
8 RTT: 27
12 RTT: 31
2 RTT: 33
23 RTT: 34
0 RTT: 31
24 RTT: 18
21 RTT: 20
17 RTT: 4
16 RTT: 56
22 RTT: 27
9 RTT: 31
7 RTT: 92
1 RTT: 35
4 RTT: 94
10 RTT: 53
15 RTT: 63
11 RTT: 62
3 RTT: 45
5 RTT: 50
18 RTT: 56
20 RTT: 54
6 RTT: 43
19 RTT: 76
13 RTT: 16
14 RTT: 17
2 RTT: 28
12 RTT: 35
8 RTT: 37
23 RTT: 40
0 RTT: 42
24 RTT: 20
21 RTT: 45
17 RTT: 68
16 RTT: 69
4 RTT: 75
22 RTT: 136
1 RTT: 32
9 RTT: 35
7 RTT: 87
10 RTT: 5
11 RTT: 50
15 RTT: 55
3 RTT: 47
5 RTT: 54
20 RTT: 59
18 RTT: 62
6 RTT: 45
19 RTT: 65
14 RTT: 5
13 RTT: 15
8 RTT: 26
12 RTT: 28
2 RTT: 30
23 RTT: 40
0 RTT: 28
24 RTT: 16
21 RTT: 15
16 RTT: 56
17 RTT: 61
22 RTT: 33
9 RTT: 22
7 RTT: 76
1 RTT: 26
4 RTT: 81
10 RTT: 50
11 RTT: 51
15 RTT: 53
3 RTT: 49
18 RTT: 58
20 RTT: 69
5 RTT: 74
6 RTT: 39
19 RTT: 62
13 RTT: 16
14 RTT: 19
2 RTT: 26
8 RTT: 28
12 RTT: 30
23 RTT: 33
0 RTT: 51
21 RTT: 13
24 RTT: 19
17 RTT: 64
16 RTT: 67
22 RTT: 37
9 RTT: 21
4 RTT: 73
1 RTT: 20
7 RTT: 79
10 RTT: 51
11 RTT: 59
15 RTT: 62
5 RTT: 52
3 RTT: 50
18 RTT: 61
20 RTT: 58
19 RTT: 65
6 RTT: 142
13 RTT: 14
14 RTT: 16
23 RTT: 27
8 RTT: 33
2 RTT: 34
12 RTT: 36
0 RTT: 27
21 RTT: 7
24 RTT: 15
16 RTT: 55
17 RTT: 60
22 RTT: 32
1 RTT: 12
7 RTT: 72
4 RTT: 68
9 RTT: 29
11 RTT: 67
15 RTT: 71
10 RTT: 69
20 RTT: 49
5 RTT: 52
3 RTT: 49
18 RTT: 61
19 RTT: 62
6 RTT: 46
14 RTT: 11
13 RTT: 12
2 RTT: 19
23 RTT: 25
8 RTT: 28
12 RTT: 31
0 RTT: 29
21 RTT: 21
24 RTT: 35
17 RTT: 61
22 RTT: 31
16 RTT: 62
7 RTT: 5
1 RTT: 10
4 RTT: 59
9 RTT: 20
10 RTT: 59
11 RTT: 62
15 RTT: 64
3 RTT: 47
20 RTT: 55
18 RTT: 60
5 RTT: 56
6 RTT: 46
19 RTT: 74
13 RTT: 18
14 RTT: 22
2 RTT: 16
8 RTT: 17
12 RTT: 23
23 RTT: 27
0 RTT: 27
24 RTT: 20
17 RTT: 59
21 RTT: 104
22 RTT: 39
16 RTT: 68
1 RTT: 10
7 RTT: 70
9 RTT: 19
4 RTT: 67
10 RTT: 48
11 RTT: 53
15 RTT: 55
20 RTT: 49
5 RTT: 54
3 RTT: 56
18 RTT: 66
6 RTT: 5
19 RTT: 59
13 RTT: 14
14 RTT: 17
23 RTT: 27
8 RTT: 25
12 RTT: 29
2 RTT: 26
0 RTT: 28
24 RTT: 19
22 RTT: 31
17 RTT: 62
16 RTT: 63
21 RTT: 100
4 RTT: 5
7 RTT: 72
9 RTT: 20
1 RTT: 17
10 RTT: 52
15 RTT: 58
11 RTT: 58
20 RTT: 52
5 RTT: 52
18 RTT: 60
3 RTT: 53
6 RTT: 42
19 RTT: 74
14 RTT: 9
13 RTT: 13
2 RTT: 20
8 RTT: 35
12 RTT: 41
23 RTT: 55
0 RTT: 28
24 RTT: 10
21 RTT: 89
16 RTT: 50
22 RTT: 26
17 RTT: 60
7 RTT: 4
1 RTT: 8
4 RTT: 56
9 RTT: 19
10 RTT: 48
11 RTT: 49
15 RTT: 49
20 RTT: 45
5 RTT: 46
18 RTT: 54
3 RTT: 50
6 RTT: 41
19 RTT: 66
14 RTT: 20
13 RTT: 25
23 RTT: 19
2 RTT: 16
8 RTT: 21
12 RTT: 24
0 RTT: 27
24 RTT: 14
21 RTT: 7
22 RTT: 28
17 RTT: 55
16 RTT: 57
4 RTT: 55
7 RTT: 69
9 RTT: 19
1 RTT: 19
10 RTT: 50
15 RTT: 57
11 RTT: 57
18 RTT: 9
20 RTT: 46
3 RTT: 47
5 RTT: 49
19 RTT: 66
6 RTT: 46
13 RTT: 13
14 RTT: 16
2 RTT: 12
8 RTT: 25
12 RTT: 28
23 RTT: 30
0 RTT: 35
24 RTT: 16
17 RTT: 69
21 RTT: 111
22 RTT: 52
16 RTT: 81
1 RTT: 7
4 RTT: 57
7 RTT: 67
9 RTT: 18
11 RTT: 47
15 RTT: 48
10 RTT: 48
5 RTT: 45
3 RTT: 46
20 RTT: 53
18 RTT: 64
6 RTT: 50
19 RTT: 89
13 RTT: 11
14 RTT: 12
2 RTT: 20
23 RTT: 26
8 RTT: 27
12 RTT: 28
0 RTT: 25
24 RTT: 19
17 RTT: 51
21 RTT: 92
16 RTT: 55
22 RTT: 28
9 RTT: 13
7 RTT: 72
1 RTT: 15
4 RTT: 65
10 RTT: 48
11 RTT: 49
15 RTT: 52
3 RTT: 47
5 RTT: 49
20 RTT: 51
18 RTT: 62
6 RTT: 42
19 RTT: 68
13 RTT: 13
14 RTT: 13
2 RTT: 16
23 RTT: 24
8 RTT: 24
12 RTT: 25
0 RTT: 28
24 RTT: 7
22 RTT: 26
16 RTT: 56
17 RTT: 60
21 RTT: 88
1 RTT: 8
4 RTT: 59
9 RTT: 13
7 RTT: 82
15 RTT: 43
11 RTT: 42
10 RTT: 44
5 RTT: 2
3 RTT: 38
20 RTT: 41
18 RTT: 52
19 RTT: 5
6 RTT: 37
13 RTT: 6
14 RTT: 18
2 RTT: 12
8 RTT: 18
12 RTT: 22
23 RTT: 24
0 RTT: 25
24 RTT: 20
17 RTT: 55
21 RTT: 83
16 RTT: 57
22 RTT: 36
1 RTT: 5
7 RTT: 65
4 RTT: 56
9 RTT: 15
10 RTT: 46
11 RTT: 47
15 RTT: 51
18 RTT: 52
20 RTT: 49
5 RTT: 48
3 RTT: 49
19 RTT: 59
6 RTT: 42
14 RTT: 5
13 RTT: 15
2 RTT: 13
8 RTT: 18
12 RTT: 22
23 RTT: 23
0 RTT: 26
24 RTT: 34
21 RTT: 10
17 RTT: 53
22 RTT: 28
16 RTT: 56
9 RTT: 15
7 RTT: 72
1 RTT: 23
4 RTT: 73
11 RTT: 52
15 RTT: 54
10 RTT: 59
18 RTT: 51
5 RTT: 45
20 RTT: 48
13 RTT: 4
6 RTT: 138
14 RTT: 7
2 RTT: 12
3 RTT: 476
19 RTT: 397
8 RTT: 218
12 RTT: 220
0 RTT: 64
23 RTT: 330
24 RTT: 23
21 RTT: 5
16 RTT: 48
17 RTT: 54
22 RTT: 28
4 RTT: 55
1 RTT: 7
7 RTT: 67
9 RTT: 16
11 RTT: 46
15 RTT: 47
10 RTT: 49
3 RTT: 46
5 RTT: 48
20 RTT: 60
18 RTT: 66
6 RTT: 35
19 RTT: 65
13 RTT: 6
14 RTT: 7
2 RTT: 13
8 RTT: 23
12 RTT: 26
23 RTT: 30
0 RTT: 28
24 RTT: 11
22 RTT: 38
16 RTT: 65
17 RTT: 73
21 RTT: 97
7 RTT: 2
4 RTT: 1
1 RTT: 7
9 RTT: 10
10 RTT: 59
11 RTT: 67
15 RTT: 72
3 RTT: 48
20 RTT: 69
5 RTT: 70
19 RTT: 57
6 RTT: 38
18 RTT: 163
13 RTT: 31
23 RTT: 24
8 RTT: 22
12 RTT: 25
2 RTT: 31
14 RTT: 128
0 RTT: 27
24 RTT: 5
21 RTT: 2
17 RTT: 50
16 RTT: 51
22 RTT: 22
7 RTT: 63
9 RTT: 20
1 RTT: 19
4 RTT: 67
11 RTT: 44
10 RTT: 45
15 RTT: 47
3 RTT: 44
20 RTT: 50
18 RTT: 57
5 RTT: 54
6 RTT: 43
19 RTT: 66
14 RTT: 10
13 RTT: 12
23 RTT: 22
8 RTT: 21
12 RTT: 27
2 RTT: 20
0 RTT: 33
24 RTT: 11
21 RTT: 8
17 RTT: 44
16 RTT: 46
22 RTT: 16
9 RTT: 6
1 RTT: 4
4 RTT: 56
7 RTT: 72
10 RTT: 1
11 RTT: 43
15 RTT: 44
3 RTT: 39
18 RTT: 52
20 RTT: 45
5 RTT: 49
6 RTT: 33
19 RTT: 67
13 RTT: 9
14 RTT: 9
8 RTT: 9
12 RTT: 13
2 RTT: 6
23 RTT: 21
0 RTT: 27
24 RTT: 6
16 RTT: 59
22 RTT: 29
7 RTT: 2
21 RTT: 174
17 RTT: 155
9 RTT: 16
4 RTT: 67
1 RTT: 17
10 RTT: 45
11 RTT: 50
15 RTT: 50
18 RTT: 2
5 RTT: 37
3 RTT: 36
20 RTT: 42
6 RTT: 40
19 RTT: 62
14 RTT: 9
8 RTT: 15
13 RTT: 105
12 RTT: 22
23 RTT: 28
2 RTT: 13
0 RTT: 27
24 RTT: 12
17 RTT: 52
21 RTT: 74
22 RTT: 23
16 RTT: 55
1 RTT: 5
4 RTT: 58
9 RTT: 13
7 RTT: 74
10 RTT: 45
11 RTT: 45
15 RTT: 45
5 RTT: 36
20 RTT: 45
18 RTT: 55
3 RTT: 47
6 RTT: 34
19 RTT: 63
14 RTT: 3
13 RTT: 4
8 RTT: 13
12 RTT: 19
23 RTT: 30
2 RTT: 11
0 RTT: 21
24 RTT: 11
22 RTT: 19
16 RTT: 53
17 RTT: 54
21 RTT: 75
7 RTT: 3
9 RTT: 8
1 RTT: 8
4 RTT: 58
11 RTT: 42
15 RTT: 44
10 RTT: 44
3 RTT: 40
18 RTT: 54
5 RTT: 47
20 RTT: 75
6 RTT: 2
19 RTT: 57
14 RTT: 9
13 RTT: 11
8 RTT: 8
12 RTT: 25
23 RTT: 32
2 RTT: 1
0 RTT: 20
24 RTT: 13
17 RTT: 4
16 RTT: 46
22 RTT: 22
21 RTT: 74
9 RTT: 6
1 RTT: 3
7 RTT: 67
4 RTT: 57
11 RTT: 56
10 RTT: 60
15 RTT: 62
5 RTT: 36
3 RTT: 40
18 RTT: 52
19 RTT: 55
6 RTT: 37
20 RTT: 151
8 RTT: 18
14 RTT: 110
13 RTT: 110
12 RTT: 24
23 RTT: 29
2 RTT: 95
0 RTT: 23
24 RTT: 7
22 RTT: 19
16 RTT: 54
17 RTT: 54
21 RTT: 75
9 RTT: 8
7 RTT: 70
1 RTT: 11
4 RTT: 60
11 RTT: 40
15 RTT: 40
10 RTT: 45
5 RTT: 39
3 RTT: 41
18 RTT: 52
20 RTT: 49
6 RTT: 39
19 RTT: 64
13 RTT: 21
8 RTT: 13
23 RTT: 21
12 RTT: 19
14 RTT: 108
2 RTT: 183
0 RTT: 30
24 RTT: 14
21 RTT: 5
22 RTT: 21
16 RTT: 53
17 RTT: 54
4 RTT: 54
7 RTT: 69
9 RTT: 15
1 RTT: 14
15 RTT: 44
11 RTT: 46
10 RTT: 53
3 RTT: 3
5 RTT: 38
20 RTT: 42
19 RTT: 72
6 RTT: 55
18 RTT: 168
13 RTT: 6
14 RTT: 4
23 RTT: 10
8 RTT: 11
12 RTT: 11
2 RTT: 81
0 RTT: 21
24 RTT: 14
17 RTT: 14
22 RTT: 19
16 RTT: 52
21 RTT: 75
7 RTT: 7
4 RTT: 48
9 RTT: 16
1 RTT: 92
11 RTT: 45
10 RTT: 45
15 RTT: 45
5 RTT: 36
3 RTT: 38
18 RTT: 64
20 RTT: 60
6 RTT: 42
19 RTT: 62
13 RTT: 5
14 RTT: 82
8 RTT: 14
12 RTT: 19
23 RTT: 23
2 RTT: 82
0 RTT: 29
24 RTT: 11
17 RTT: 47
21 RTT: 65
22 RTT: 20
16 RTT: 56
9 RTT: 4
4 RTT: 50
7 RTT: 67
10 RTT: 43
15 RTT: 48
11 RTT: 47
1 RTT: 109
3 RTT: 38
5 RTT: 39
18 RTT: 54
20 RTT: 49
6 RTT: 38
19 RTT: 64
8 RTT: 9
12 RTT: 20
13 RTT: 110
14 RTT: 103
23 RTT: 34
2 RTT: 71
0 RTT: 23
24 RTT: 18
16 RTT: 55
21 RTT: 75
17 RTT: 57
22 RTT: 30
4 RTT: 58
7 RTT: 72
1 RTT: 83
11 RTT: 34
15 RTT: 42
10 RTT: 41
9 RTT: 92
5 RTT: 36
3 RTT: 37
20 RTT: 46
18 RTT: 55
6 RTT: 35
19 RTT: 58
8 RTT: 11
12 RTT: 11
14 RTT: 91
13 RTT: 105
23 RTT: 21
2 RTT: 4
0 RTT: 21
21 RTT: 69
17 RTT: 53
16 RTT: 61
24 RTT: 114
22 RTT: 30
7 RTT: 8
4 RTT: 56
1 RTT: 84
10 RTT: 40
9 RTT: 93
11 RTT: 45
15 RTT: 48
3 RTT: 33
5 RTT: 39
20 RTT: 48
18 RTT: 57
6 RTT: 40
19 RTT: 62
13 RTT: 2
14 RTT: 3
8 RTT: 6
12 RTT: 9
23 RTT: 14
2 RTT: 67
0 RTT: 24
16 RTT: 48
17 RTT: 49
21 RTT: 70
22 RTT: 22
24 RTT: 99
4 RTT: 56
7 RTT: 71
15 RTT: 4
9 RTT: 87
10 RTT: 44
11 RTT: 44
1 RTT: 95
20 RTT: 40
3 RTT: 38
5 RTT: 40
18 RTT: 56
6 RTT: 39
19 RTT: 58
13 RTT: 3
14 RTT: 79
8 RTT: 10
12 RTT: 12
23 RTT: 13
2 RTT: 4
0 RTT: 51
22 RTT: 20
17 RTT: 57
16 RTT: 60
21 RTT: 76
24 RTT: 104
7 RTT: 10
4 RTT: 47
1 RTT: 80
9 RTT: 91
10 RTT: 46
11 RTT: 51
15 RTT: 55
5 RTT: 36
20 RTT: 44
18 RTT: 53
3 RTT: 42
19 RTT: 51
6 RTT: 37
13 RTT: 6
8 RTT: 12
14 RTT: 91
12 RTT: 14
23 RTT: 21
2 RTT: 68
0 RTT: 27
24 RTT: 4
21 RTT: 64
17 RTT: 50
22 RTT: 28
16 RTT: 63
4 RTT: 43
7 RTT: 63
1 RTT: 79
9 RTT: 85
11 RTT: 41
10 RTT: 49
15 RTT: 52
5 RTT: 34
18 RTT: 54
3 RTT: 48
20 RTT: 57
6 RTT: 34
19 RTT: 57
23 RTT: 11
13 RTT: 92
14 RTT: 89
2 RTT: 74
8 RTT: 102
12 RTT: 103
0 RTT: 29
17 RTT: 46
21 RTT: 64
22 RTT: 17
16 RTT: 57
24 RTT: 101
7 RTT: 70
4 RTT: 58
9 RTT: 9
1 RTT: 78
15 RTT: 45
11 RTT: 40
10 RTT: 46
3 RTT: 32
20 RTT: 40
5 RTT: 41
18 RTT: 57
6 RTT: 38
19 RTT: 57
23 RTT: 7
14 RTT: 83
13 RTT: 90
2 RTT: 72
8 RTT: 94
12 RTT: 94
0 RTT: 20
22 RTT: 35
21 RTT: 159
17 RTT: 142
16 RTT: 148
24 RTT: 192
10 RTT: 2
9 RTT: 44
4 RTT: 142
18 RTT: 47
5 RTT: 40
11 RTT: 248
15 RTT: 263
7 RTT: 342
6 RTT: 71
1 RTT: 285
20 RTT: 257
3 RTT: 256
19 RTT: 248
23 RTT: 9
14 RTT: 77
13 RTT: 85
2 RTT: 2
12 RTT: 81
8 RTT: 83
0 RTT: 17
17 RTT: 4
16 RTT: 49
24 RTT: 87
22 RTT: 18
21 RTT: 73
7 RTT: 15
4 RTT: 21
9 RTT: 47
11 RTT: 38
1 RTT: 51
10 RTT: 43
15 RTT: 44
3 RTT: 36
18 RTT: 54
5 RTT: 44
20 RTT: 52
6 RTT: 31
19 RTT: 67
23 RTT: 11
13 RTT: 77
14 RTT: 90
12 RTT: 5
2 RTT: 1
8 RTT: 78
0 RTT: 18
21 RTT: 4
22 RTT: 17
17 RTT: 60
16 RTT: 65
24 RTT: 101
7 RTT: 12
4 RTT: 15
1 RTT: 4
11 RTT: 36
15 RTT: 42
9 RTT: 51
10 RTT: 50
3 RTT: 33
5 RTT: 46
18 RTT: 66
20 RTT: 61
6 RTT: 35
19 RTT: 61
13 RTT: 75
14 RTT: 75
23 RTT: 13
2 RTT: 65
12 RTT: 81
8 RTT: 82
0 RTT: 16
21 RTT: 63
17 RTT: 49
16 RTT: 53
24 RTT: 89
22 RTT: 22
7 RTT: 18
4 RTT: 18
9 RTT: 47
1 RTT: 54
10 RTT: 52
11 RTT: 53
15 RTT: 57
3 RTT: 36
5 RTT: 42
20 RTT: 49
18 RTT: 57
6 RTT: 34
19 RTT: 57
14 RTT: 71
13 RTT: 74
23 RTT: 13
8 RTT: 3
12 RTT: 9
2 RTT: 68
0 RTT: 21
24 RTT: 5
21 RTT: 62
22 RTT: 15
17 RTT: 51
16 RTT: 60
7 RTT: 13
4 RTT: 25
9 RTT: 43
1 RTT: 46
11 RTT: 34
15 RTT: 43
10 RTT: 47
3 RTT: 35
5 RTT: 39
18 RTT: 63
20 RTT: 57
6 RTT: 33
19 RTT: 63
13 RTT: 72
14 RTT: 74
8 RTT: 77
12 RTT: 78
2 RTT: 67
23 RTT: 98
0 RTT: 17
22 RTT: 20
16 RTT: 59
21 RTT: 73
24 RTT: 98
17 RTT: 66
4 RTT: 14
7 RTT: 17
9 RTT: 49
10 RTT: 40
11 RTT: 36
1 RTT: 55
15 RTT: 48
18 RTT: 7
20 RTT: 4
5 RTT: 34
3 RTT: 39
6 RTT: 32
19 RTT: 55
14 RTT: 70
13 RTT: 73
23 RTT: 3
8 RTT: 2
12 RTT: 3
2 RTT: 57
0 RTT: 16
24 RTT: 5
17 RTT: 53
21 RTT: 70
16 RTT: 57
22 RTT: 19
7 RTT: 13
4 RTT: 13
9 RTT: 40
10 RTT: 37
1 RTT: 51
15 RTT: 48
11 RTT: 50
5 RTT: 35
3 RTT: 35
18 RTT: 50
20 RTT: 46
6 RTT: 39
19 RTT: 69
13 RTT: 69
14 RTT: 72
2 RTT: 59
8 RTT: 76
12 RTT: 80
23 RTT: 107
0 RTT: 18
17 RTT: 54
21 RTT: 70
16 RTT: 61
24 RTT: 97
22 RTT: 26
7 RTT: 11
4 RTT: 14
15 RTT: 3
1 RTT: 44
9 RTT: 46
10 RTT: 40
11 RTT: 35
3 RTT: 31
18 RTT: 48
5 RTT: 38
20 RTT: 45
19 RTT: 55
6 RTT: 41
14 RTT: 9
13 RTT: 65
2 RTT: 65
8 RTT: 78
12 RTT: 85
23 RTT: 91
0 RTT: 15
24 RTT: 8
21 RTT: 55
17 RTT: 43
16 RTT: 47
22 RTT: 10
4 RTT: 11
7 RTT: 17
9 RTT: 6
10 RTT: 37
15 RTT: 47
11 RTT: 43
1 RTT: 61
20 RTT: 25
3 RTT: 16
5 RTT: 22
18 RTT: 58
6 RTT: 36
19 RTT: 64
13 RTT: 7
14 RTT: 70
8 RTT: 62
12 RTT: 66
2 RTT: 75
23 RTT: 79
0 RTT: 15
21 RTT: 57
16 RTT: 55
22 RTT: 15
24 RTT: 89
17 RTT: 59
4 RTT: 12
7 RTT: 23
9 RTT: 5
15 RTT: 33
11 RTT: 29
1 RTT: 48
10 RTT: 52
5 RTT: 22
20 RTT: 49
3 RTT: 31
18 RTT: 60
6 RTT: 34
19 RTT: 56
14 RTT: 3
13 RTT: 67
23 RTT: 69
8 RTT: 69
2 RTT: 67
12 RTT: 72
0 RTT: 13
17 RTT: 53
21 RTT: 69
16 RTT: 59
24 RTT: 91
22 RTT: 19
4 RTT: 9
7 RTT: 14
10 RTT: 5
1 RTT: 42
15 RTT: 38
11 RTT: 35
9 RTT: 53
3 RTT: 22
5 RTT: 25
20 RTT: 48
18 RTT: 59
19 RTT: 51
6 RTT: 37
13 RTT: 76
14 RTT: 79
23 RTT: 2
2 RTT: 3
8 RTT: 61
12 RTT: 63
0 RTT: 13
22 RTT: 14
21 RTT: 69
17 RTT: 56
16 RTT: 62
24 RTT: 93
4 RTT: 9
7 RTT: 13
10 RTT: 35
1 RTT: 45
9 RTT: 54
11 RTT: 40
15 RTT: 47
18 RTT: 41
5 RTT: 17
20 RTT: 48
3 RTT: 27
6 RTT: 35
19 RTT: 53
14 RTT: 65
13 RTT: 75
2 RTT: 66
23 RTT: 78
8 RTT: 80
12 RTT: 81
0 RTT: 21
17 RTT: 57
22 RTT: 19
21 RTT: 77
16 RTT: 67
24 RTT: 99
4 RTT: 7
7 RTT: 12
9 RTT: 48
10 RTT: 41
1 RTT: 55
11 RTT: 45
15 RTT: 52
5 RTT: 16
3 RTT: 19
18 RTT: 56
20 RTT: 49
6 RTT: 38
19 RTT: 64
13 RTT: 68
12 RTT: 2
23 RTT: 72
8 RTT: 75
2 RTT: 75
14 RTT: 184
0 RTT: 15
17 RTT: 57
21 RTT: 72
22 RTT: 30
16 RTT: 82
24 RTT: 113
7 RTT: 9
4 RTT: 9
1 RTT: 43
11 RTT: 30
15 RTT: 35
9 RTT: 55
10 RTT: 45
20 RTT: 43
5 RTT: 31
18 RTT: 66
3 RTT: 44
6 RTT: 35
19 RTT: 61
13 RTT: 68
14 RTT: 72
2 RTT: 60
8 RTT: 70
12 RTT: 72
23 RTT: 78
0 RTT: 15
16 RTT: 53
24 RTT: 87
22 RTT: 18
17 RTT: 57
21 RTT: 74
7 RTT: 7
4 RTT: 3
10 RTT: 150
18 RTT: 79
6 RTT: 32
9 RTT: 246
5 RTT: 156
13 RTT: 214
14 RTT: 252
20 RTT: 540
1 RTT: 646
2 RTT: 126
11 RTT: 783
21 RTT: 41
8 RTT: 321
22 RTT: 41
12 RTT: 344
17 RTT: 79
16 RTT: 136
3 RTT: 825
15 RTT: 944
19 RTT: 775
24 RTT: 156
4 RTT: 70
9 RTT: 41
1 RTT: 45
10 RTT: 52
23 RTT: 538
20 RTT: 5
18 RTT: 42
5 RTT: 18
0 RTT: 495
7 RTT: 222
6 RTT: 3
3 RTT: 115
11 RTT: 231
15 RTT: 238
19 RTT: 59
14 RTT: 3
13 RTT: 63
2 RTT: 9
8 RTT: 13
23 RTT: 28
12 RTT: 29
0 RTT: 120
16 RTT: 157
24 RTT: 158
22 RTT: 146
7 RTT: 59
4 RTT: 1
15 RTT: 34
11 RTT: 29
10 RTT: 37
1 RTT: 44
3 RTT: 8
20 RTT: 44
18 RTT: 91
17 RTT: 393
21 RTT: 394
6 RTT: 2
19 RTT: 38
5 RTT: 218
9 RTT: 350
13 RTT: 6
14 RTT: 57
12 RTT: 14
8 RTT: 17
23 RTT: 20
2 RTT: 28
0 RTT: 80
16 RTT: 53
22 RTT: 33
24 RTT: 61
17 RTT: 64
21 RTT: 70
7 RTT: 4
1 RTT: 37
4 RTT: 42
9 RTT: 44
10 RTT: 41
11 RTT: 35
15 RTT: 43
5 RTT: 13
3 RTT: 15
20 RTT: 30
18 RTT: 53
6 RTT: 56
19 RTT: 69
14 RTT: 64
13 RTT: 72
2 RTT: 93
23 RTT: 114
8 RTT: 115
12 RTT: 117
0 RTT: 71
17 RTT: 39
16 RTT: 43
21 RTT: 43
24 RTT: 47
22 RTT: 26
7 RTT: 5
15 RTT: 6
1 RTT: 35
4 RTT: 40
9 RTT: 46
10 RTT: 44
11 RTT: 41
20 RTT: 27
3 RTT: 16
5 RTT: 23
18 RTT: 72
6 RTT: 34
19 RTT: 42
13 RTT: 7
14 RTT: 57
8 RTT: 4
2 RTT: 7
23 RTT: 15
12 RTT: 96
0 RTT: 82
17 RTT: 33
21 RTT: 36
22 RTT: 16
16 RTT: 41
24 RTT: 47
7 RTT: 13
9 RTT: 34
10 RTT: 40
11 RTT: 35
15 RTT: 45
1 RTT: 53
4 RTT: 56
5 RTT: 14
3 RTT: 14
18 RTT: 49
20 RTT: 29
19 RTT: 14
6 RTT: 28
13 RTT: 66
14 RTT: 63
2 RTT: 2
8 RTT: 4
12 RTT: 5
23 RTT: 7
0 RTT: 5
17 RTT: 31
21 RTT: 32
16 RTT: 38
24 RTT: 42
22 RTT: 95
7 RTT: 8
9 RTT: 3
4 RTT: 36
15 RTT: 36
11 RTT: 29
10 RTT: 39
1 RTT: 46
5 RTT: 17
20 RTT: 52
18 RTT: 76
6 RTT: 26
3 RTT: 113
19 RTT: 41
14 RTT: 54
13 RTT: 69
2 RTT: 89
8 RTT: 94
12 RTT: 95
23 RTT: 99
0 RTT: 85
17 RTT: 2
21 RTT: 2
16 RTT: 27
24 RTT: 32
22 RTT: 3
7 RTT: 5
1 RTT: 36
15 RTT: 41
4 RTT: 54
11 RTT: 36
9 RTT: 55
10 RTT: 49
5 RTT: 22
18 RTT: 58
20 RTT: 36
3 RTT: 36
19 RTT: 30
6 RTT: 35
13 RTT: 62
14 RTT: 66
23 RTT: 3
8 RTT: 85
2 RTT: 88
12 RTT: 88
0 RTT: 77
24 RTT: 37
16 RTT: 36
17 RTT: 38
21 RTT: 41
22 RTT: 6
7 RTT: 5
9 RTT: 34
10 RTT: 34
1 RTT: 44
4 RTT: 52
11 RTT: 37
15 RTT: 46
5 RTT: 12
3 RTT: 22
18 RTT: 63
20 RTT: 45
6 RTT: 29
19 RTT: 43
13 RTT: 65
14 RTT: 64
12 RTT: 7
2 RTT: 82
8 RTT: 85
23 RTT: 86
0 RTT: 69
16 RTT: 26
24 RTT: 32
17 RTT: 30
21 RTT: 34
22 RTT: 88
9 RTT: 34
10 RTT: 43
7 RTT: 108
11 RTT: 40
15 RTT: 50
1 RTT: 57
4 RTT: 65
5 RTT: 11
20 RTT: 21
3 RTT: 19
19 RTT: 40
6 RTT: 46
18 RTT: 162
13 RTT: 62
14 RTT: 60
12 RTT: 80
2 RTT: 87
8 RTT: 89
23 RTT: 103
0 RTT: 1
21 RTT: 6
16 RTT: 22
24 RTT: 27
17 RTT: 27
22 RTT: 81
7 RTT: 92
11 RTT: 26
15 RTT: 37
9 RTT: 47
1 RTT: 50
4 RTT: 57
5 RTT: 14
3 RTT: 19
10 RTT: 136
18 RTT: 56
20 RTT: 32
6 RTT: 33
19 RTT: 48
13 RTT: 57
14 RTT: 53
8 RTT: 81
12 RTT: 83
23 RTT: 93
2 RTT: 95
0 RTT: 72
16 RTT: 30
17 RTT: 32
24 RTT: 36
21 RTT: 36
22 RTT: 87
7 RTT: 89
11 RTT: 21
1 RTT: 36
15 RTT: 30
4 RTT: 41
9 RTT: 39
10 RTT: 39
5 RTT: 12
20 RTT: 21
3 RTT: 18
18 RTT: 50
6 RTT: 28
19 RTT: 42
13 RTT: 66
14 RTT: 78
2 RTT: 77
8 RTT: 84
12 RTT: 92
23 RTT: 96
0 RTT: 75
17 RTT: 37
21 RTT: 42
16 RTT: 41
24 RTT: 45
22 RTT: 90
9 RTT: 38
1 RTT: 39
7 RTT: 91
4 RTT: 49
10 RTT: 37
11 RTT: 43
15 RTT: 49
5 RTT: 14
20 RTT: 23
3 RTT: 20
18 RTT: 61
6 RTT: 28
19 RTT: 40
14 RTT: 152
13 RTT: 163
2 RTT: 1
12 RTT: 86
23 RTT: 88
8 RTT: 86
0 RTT: 68
17 RTT: 20
21 RTT: 28
16 RTT: 31
24 RTT: 37
22 RTT: 81
9 RTT: 35
7 RTT: 90
11 RTT: 29
15 RTT: 36
1 RTT: 46
4 RTT: 51
10 RTT: 45
5 RTT: 5
3 RTT: 11
20 RTT: 23
18 RTT: 61
6 RTT: 26
19 RTT: 42
13 RTT: 54
14 RTT: 60
12 RTT: 3
2 RTT: 2
23 RTT: 83
8 RTT: 96
0 RTT: 2
16 RTT: 27
24 RTT: 35
17 RTT: 30
21 RTT: 35
22 RTT: 83
1 RTT: 30
4 RTT: 36
7 RTT: 82
9 RTT: 37
11 RTT: 24
15 RTT: 29
10 RTT: 31
5 RTT: 7
20 RTT: 17
18 RTT: 50
3 RTT: 87
6 RTT: 26
19 RTT: 44
13 RTT: 61
14 RTT: 58
2 RTT: 76
23 RTT: 91
8 RTT: 92
12 RTT: 94
0 RTT: 2
17 RTT: 27
16 RTT: 28
21 RTT: 33
24 RTT: 35
22 RTT: 82
4 RTT: 34
10 RTT: 22
1 RTT: 32
7 RTT: 82
9 RTT: 38
15 RTT: 39
11 RTT: 35
5 RTT: 11
18 RTT: 44
20 RTT: 17
3 RTT: 2
19 RTT: 33
6 RTT: 23
13 RTT: 63
14 RTT: 60
12 RTT: 8
8 RTT: 6
23 RTT: 12
2 RTT: 75
0 RTT: 68
17 RTT: 25
16 RTT: 28
21 RTT: 37
24 RTT: 39
22 RTT: 78
