(node:96643) [DEP0040] DeprecationWarning: The `punycode` module is deprecated. Please use a userland alternative instead.
(Use `node --trace-deprecation ...` to show where the warning was created)
0 RTT: 7
0 RTT: 89
0 RTT: 3
0 RTT: 2
0 RTT: 2
0 RTT: 88
0 RTT: 3
0 RTT: 89
0 RTT: 2
0 RTT: 2
0 RTT: 87
0 RTT: 85
0 RTT: 2
0 RTT: 2
0 RTT: 86
0 RTT: 84
0 RTT: 2
0 RTT: 2
0 RTT: 83
0 RTT: 85
0 RTT: 85
0 RTT: 82
0 RTT: 2
0 RTT: 83
0 RTT: 1
0 RTT: 84
0 RTT: 2
0 RTT: 4
0 RTT: 2
0 RTT: 2
0 RTT: 81
0 RTT: 2
0 RTT: 81
0 RTT: 83
0 RTT: 80
0 RTT: 81
0 RTT: 80
0 RTT: 2
0 RTT: 1
